# JRE version: OpenJDK Runtime Environment (7.0_85-b01) (build 1.7.0_85-b01)
# Java VM: OpenJDK 64-Bit Server VM (24.85-b03 mixed mode linux-amd64 compressed oops)
Heap
 PSYoungGen      total 44544K, used 19103K [0x00000000f8000000, 0x00000000fad00000, 0x0000000100000000)
  eden space 43008K, 40% used [0x00000000f8000000,0x00000000f9127c70,0x00000000faa00000)
  from space 1536K, 100% used [0x00000000fab80000,0x00000000fad00000,0x00000000fad00000)
  to   space 1536K, 0% used [0x00000000faa00000,0x00000000faa00000,0x00000000fab80000)
 ParOldGen       total 27648K, used 13051K [0x00000000e8000000, 0x00000000e9b00000, 0x00000000f8000000)
  object space 27648K, 47% used [0x00000000e8000000,0x00000000e8cbee28,0x00000000e9b00000)
 PSPermGen       total 21504K, used 15858K [0x00000000d8000000, 0x00000000d9500000, 0x00000000e8000000)
  object space 21504K, 73% used [0x00000000d8000000,0x00000000d8f7cbe0,0x00000000d9500000)
GC Heap History (8 events):
Event: 0.522 GC heap before
{Heap before GC invocations=1 (full 0):
 PSYoungGen      total 12288K, used 10752K [0x00000000f8000000, 0x00000000f8d80000, 0x0000000100000000)
  eden space 10752K, 100% used [0x00000000f8000000,0x00000000f8a80000,0x00000000f8a80000)
  from space 1536K, 0% used [0x00000000f8c00000,0x00000000f8c00000,0x00000000f8d80000)
  to   space 1536K, 0% used [0x00000000f8a80000,0x00000000f8a80000,0x00000000f8c00000)
 ParOldGen       total 27648K, used 0K [0x00000000e8000000, 0x00000000e9b00000, 0x00000000f8000000)
  object space 27648K, 0% used [0x00000000e8000000,0x00000000e8000000,0x00000000e9b00000)
 PSPermGen       total 21504K, used 6988K [0x00000000d8000000, 0x00000000d9500000, 0x00000000e8000000)
  object space 21504K, 32% used [0x00000000d8000000,0x00000000d86d32d8,0x00000000d9500000)
Event: 0.544 GC heap after
Heap after GC invocations=1 (full 0):
 PSYoungGen      total 12288K, used 1522K [0x00000000f8000000, 0x00000000f9800000, 0x0000000100000000)
  eden space 10752K, 0% used [0x00000000f8000000,0x00000000f8000000,0x00000000f8a80000)
  from space 1536K, 99% used [0x00000000f8a80000,0x00000000f8bfcb20,0x00000000f8c00000)
  to   space 1536K, 0% used [0x00000000f9680000,0x00000000f9680000,0x00000000f9800000)
 ParOldGen       total 27648K, used 1626K [0x00000000e8000000, 0x00000000e9b00000, 0x00000000f8000000)
  object space 27648K, 5% used [0x00000000e8000000,0x00000000e81969c8,0x00000000e9b00000)
 PSPermGen       total 21504K, used 6988K [0x00000000d8000000, 0x00000000d9500000, 0x00000000e8000000)
  object space 21504K, 32% used [0x00000000d8000000,0x00000000d86d32d8,0x00000000d9500000)
}
Event: 0.680 GC heap before
{Heap before GC invocations=2 (full 0):
 PSYoungGen      total 12288K, used 12274K [0x00000000f8000000, 0x00000000f9800000, 0x0000000100000000)
  eden space 10752K, 100% used [0x00000000f8000000,0x00000000f8a80000,0x00000000f8a80000)
  from space 1536K, 99% used [0x00000000f8a80000,0x00000000f8bfcb20,0x00000000f8c00000)
  to   space 1536K, 0% used [0x00000000f9680000,0x00000000f9680000,0x00000000f9800000)
 ParOldGen       total 27648K, used 1626K [0x00000000e8000000, 0x00000000e9b00000, 0x00000000f8000000)
  object space 27648K, 5% used [0x00000000e8000000,0x00000000e81969c8,0x00000000e9b00000)
 PSPermGen       total 21504K, used 7291K [0x00000000d8000000, 0x00000000d9500000, 0x00000000e8000000)
  object space 21504K, 33% used [0x00000000d8000000,0x00000000d871ed68,0x00000000d9500000)
Event: 0.684 GC heap after
Heap after GC invocations=2 (full 0):
 PSYoungGen      total 23040K, used 1504K [0x00000000f8000000, 0x00000000f9800000, 0x0000000100000000)
  eden space 21504K, 0% used [0x00000000f8000000,0x00000000f8000000,0x00000000f9500000)
  from space 1536K, 97% used [0x00000000f9680000,0x00000000f97f8020,0x00000000f9800000)
  to   space 1536K, 0% used [0x00000000f9500000,0x00000000f9500000,0x00000000f9680000)
 ParOldGen       total 27648K, used 2250K [0x00000000e8000000, 0x00000000e9b00000, 0x00000000f8000000)
  object space 27648K, 8% used [0x00000000e8000000,0x00000000e8232890,0x00000000e9b00000)
 PSPermGen       total 21504K, used 7291K [0x00000000d8000000, 0x00000000d9500000, 0x00000000e8000000)
  object space 21504K, 33% used [0x00000000d8000000,0x00000000d871ed68,0x00000000d9500000)
}
Event: 1.273 GC heap before
{Heap before GC invocations=3 (full 0):
 PSYoungGen      total 23040K, used 23008K [0x00000000f8000000, 0x00000000f9800000, 0x0000000100000000)
  eden space 21504K, 100% used [0x00000000f8000000,0x00000000f9500000,0x00000000f9500000)
  from space 1536K, 97% used [0x00000000f9680000,0x00000000f97f8020,0x00000000f9800000)
  to   space 1536K, 0% used [0x00000000f9500000,0x00000000f9500000,0x00000000f9680000)
 ParOldGen       total 27648K, used 2250K [0x00000000e8000000, 0x00000000e9b00000, 0x00000000f8000000)
  object space 27648K, 8% used [0x00000000e8000000,0x00000000e8232890,0x00000000e9b00000)
 PSPermGen       total 21504K, used 9777K [0x00000000d8000000, 0x00000000d9500000, 0x00000000e8000000)
  object space 21504K, 45% used [0x00000000d8000000,0x00000000d898c4d0,0x00000000d9500000)
Event: 1.281 GC heap after
Heap after GC invocations=3 (full 0):
 PSYoungGen      total 23040K, used 1536K [0x00000000f8000000, 0x00000000fad00000, 0x0000000100000000)
  eden space 21504K, 0% used [0x00000000f8000000,0x00000000f8000000,0x00000000f9500000)
  from space 1536K, 100% used [0x00000000f9500000,0x00000000f9680000,0x00000000f9680000)
  to   space 1536K, 0% used [0x00000000fab80000,0x00000000fab80000,0x00000000fad00000)
 ParOldGen       total 27648K, used 6963K [0x00000000e8000000, 0x00000000e9b00000, 0x00000000f8000000)
  object space 27648K, 25% used [0x00000000e8000000,0x00000000e86ccc58,0x00000000e9b00000)
 PSPermGen       total 21504K, used 9777K [0x00000000d8000000, 0x00000000d9500000, 0x00000000e8000000)
  object space 21504K, 45% used [0x00000000d8000000,0x00000000d898c4d0,0x00000000d9500000)
}
Event: 2.013 GC heap before
{Heap before GC invocations=4 (full 0):
 PSYoungGen      total 23040K, used 23040K [0x00000000f8000000, 0x00000000fad00000, 0x0000000100000000)
  eden space 21504K, 100% used [0x00000000f8000000,0x00000000f9500000,0x00000000f9500000)
  from space 1536K, 100% used [0x00000000f9500000,0x00000000f9680000,0x00000000f9680000)
  to   space 1536K, 0% used [0x00000000fab80000,0x00000000fab80000,0x00000000fad00000)
 ParOldGen       total 27648K, used 6963K [0x00000000e8000000, 0x00000000e9b00000, 0x00000000f8000000)
  object space 27648K, 25% used [0x00000000e8000000,0x00000000e86ccc58,0x00000000e9b00000)
 PSPermGen       total 21504K, used 9820K [0x00000000d8000000, 0x00000000d9500000, 0x00000000e8000000)
  object space 21504K, 45% used [0x00000000d8000000,0x00000000d8997330,0x00000000d9500000)
Event: 2.022 GC heap after
Heap after GC invocations=4 (full 0):
 PSYoungGen      total 44544K, used 1536K [0x00000000f8000000, 0x00000000fad00000, 0x0000000100000000)
  eden space 43008K, 0% used [0x00000000f8000000,0x00000000f8000000,0x00000000faa00000)
  from space 1536K, 100% used [0x00000000fab80000,0x00000000fad00000,0x00000000fad00000)
  to   space 1536K, 0% used [0x00000000faa00000,0x00000000faa00000,0x00000000fab80000)
 ParOldGen       total 27648K, used 13051K [0x00000000e8000000, 0x00000000e9b00000, 0x00000000f8000000)
  object space 27648K, 47% used [0x00000000e8000000,0x00000000e8cbee28,0x00000000e9b00000)
 PSPermGen       total 21504K, used 9820K [0x00000000d8000000, 0x00000000d9500000, 0x00000000e8000000)
  object space 21504K, 45% used [0x00000000d8000000,0x00000000d8997330,0x00000000d9500000)
}

